<?xml version="1.0" encoding="UTF-8"?>
<testng-results skipped="0" failed="0" total="1" passed="1">
  <reporter-output>
  </reporter-output>
  <suite name="Default suite" duration-ms="25956" started-at="2016-11-26T10:21:09Z" finished-at="2016-11-26T10:21:34Z">
    <groups>
    </groups>
    <test name="Default test" duration-ms="25956" started-at="2016-11-26T10:21:09Z" finished-at="2016-11-26T10:21:34Z">
      <class name="com.suchi.gmail_uitest.GmailSigninTest">
        <test-method status="PASS" signature="setupTest()[pri:0, instance:com.suchi.gmail_uitest.GmailSigninTest@5442a311]" name="setupTest" is-config="true" duration-ms="5100" started-at="2016-11-26T15:51:09Z" finished-at="2016-11-26T15:51:14Z">
          <reporter-output>
          </reporter-output>
        </test-method> <!-- setupTest -->
        <test-method status="PASS" signature="setupClass()[pri:0, instance:com.suchi.gmail_uitest.GmailSigninTest@5442a311]" name="setupClass" is-config="true" duration-ms="977" started-at="2016-11-26T15:51:14Z" finished-at="2016-11-26T15:51:15Z">
          <reporter-output>
          </reporter-output>
        </test-method> <!-- setupClass -->
        <test-method status="PASS" signature="gmailloginshouldbesuccessful()[pri:0, instance:com.suchi.gmail_uitest.GmailSigninTest@5442a311]" name="gmailloginshouldbesuccessful" duration-ms="17513" started-at="2016-11-26T15:51:15Z" finished-at="2016-11-26T15:51:32Z">
          <reporter-output>
          </reporter-output>
        </test-method> <!-- gmailloginshouldbesuccessful -->
        <test-method status="PASS" signature="teardown()[pri:0, instance:com.suchi.gmail_uitest.GmailSigninTest@5442a311]" name="teardown" is-config="true" duration-ms="2335" started-at="2016-11-26T15:51:32Z" finished-at="2016-11-26T15:51:34Z">
          <reporter-output>
          </reporter-output>
        </test-method> <!-- teardown -->
      </class> <!-- com.suchi.gmail_uitest.GmailSigninTest -->
    </test> <!-- Default test -->
  </suite> <!-- Default suite -->
</testng-results>
